  allocate.cpp
  Gene_analysis.cpp
  Gene_crossmutate.cpp
c:\users\77068\documents\github\job\jobshop\jobshop\jobshop\gene_crossmutate.cpp(18): warning C4244: “初始化”: 从“double”转换到“int”，可能丢失数据
c:\users\77068\documents\github\job\jobshop\jobshop\jobshop\gene_crossmutate.cpp(38): warning C4244: “初始化”: 从“double”转换到“int”，可能丢失数据
  Gene_select.cpp
c:\users\77068\documents\github\job\jobshop\jobshop\jobshop\gene_select.cpp(63): warning C4244: “=”: 从“double”转换到“int”，可能丢失数据
c:\users\77068\documents\github\job\jobshop\jobshop\jobshop\gene_select.cpp(73): warning C4244: “=”: 从“double”转换到“int”，可能丢失数据
c:\users\77068\documents\github\job\jobshop\jobshop\jobshop\gene_select.cpp(80): warning C4244: “=”: 从“double”转换到“int”，可能丢失数据
  main.cpp
c:\users\77068\documents\github\job\jobshop\jobshop\jobshop\main.cpp(31): warning C4244: “=”: 从“double”转换到“int”，可能丢失数据
  output.cpp
  paint.cpp
c:\users\77068\documents\github\job\jobshop\jobshop\jobshop\paint.cpp(117): warning C4244: “参数”: 从“double”转换到“int”，可能丢失数据
c:\users\77068\documents\github\job\jobshop\jobshop\jobshop\paint.cpp(128): warning C4244: “参数”: 从“double”转换到“int”，可能丢失数据
c:\users\77068\documents\github\job\jobshop\jobshop\jobshop\paint.cpp(130): warning C4244: “参数”: 从“double”转换到“int”，可能丢失数据
c:\users\77068\documents\github\job\jobshop\jobshop\jobshop\paint.cpp(131): warning C4244: “参数”: 从“double”转换到“int”，可能丢失数据
c:\users\77068\documents\github\job\jobshop\jobshop\jobshop\paint.cpp(153): warning C4244: “参数”: 从“double”转换到“int”，可能丢失数据
c:\users\77068\documents\github\job\jobshop\jobshop\jobshop\paint.cpp(155): warning C4244: “参数”: 从“double”转换到“int”，可能丢失数据
c:\users\77068\documents\github\job\jobshop\jobshop\jobshop\paint.cpp(160): warning C4244: “参数”: 从“double”转换到“int”，可能丢失数据
c:\users\77068\documents\github\job\jobshop\jobshop\jobshop\paint.cpp(162): warning C4244: “参数”: 从“double”转换到“int”，可能丢失数据
c:\users\77068\documents\github\job\jobshop\jobshop\jobshop\paint.cpp(167): warning C4244: “参数”: 从“double”转换到“int”，可能丢失数据
c:\users\77068\documents\github\job\jobshop\jobshop\jobshop\paint.cpp(169): warning C4244: “参数”: 从“double”转换到“int”，可能丢失数据
c:\users\77068\documents\github\job\jobshop\jobshop\jobshop\paint.cpp(136): warning C4101: “ss”: 未引用的局部变量
c:\users\77068\documents\github\job\jobshop\jobshop\jobshop\paint.cpp(120): warning C4101: “T”: 未引用的局部变量
c:\users\77068\documents\github\job\jobshop\jobshop\jobshop\paint.cpp(137): warning C4101: “bb”: 未引用的局部变量
  input.cpp
  pppaintcpp.cpp
c:\users\77068\documents\github\job\jobshop\jobshop\jobshop\pppaintcpp.cpp(117): warning C4244: “参数”: 从“double”转换到“int”，可能丢失数据
c:\users\77068\documents\github\job\jobshop\jobshop\jobshop\pppaintcpp.cpp(128): warning C4244: “参数”: 从“double”转换到“int”，可能丢失数据
c:\users\77068\documents\github\job\jobshop\jobshop\jobshop\pppaintcpp.cpp(130): warning C4244: “参数”: 从“double”转换到“int”，可能丢失数据
c:\users\77068\documents\github\job\jobshop\jobshop\jobshop\pppaintcpp.cpp(131): warning C4244: “参数”: 从“double”转换到“int”，可能丢失数据
c:\users\77068\documents\github\job\jobshop\jobshop\jobshop\pppaintcpp.cpp(135): warning C4244: “参数”: 从“double”转换到“int”，可能丢失数据
c:\users\77068\documents\github\job\jobshop\jobshop\jobshop\pppaintcpp.cpp(136): warning C4244: “参数”: 从“double”转换到“int”，可能丢失数据
c:\users\77068\documents\github\job\jobshop\jobshop\jobshop\pppaintcpp.cpp(327): warning C4244: “参数”: 从“double”转换到“int”，可能丢失数据
c:\users\77068\documents\github\job\jobshop\jobshop\jobshop\pppaintcpp.cpp(345): warning C4244: “参数”: 从“double”转换到“int”，可能丢失数据
c:\users\77068\documents\github\job\jobshop\jobshop\jobshop\pppaintcpp.cpp(347): warning C4244: “参数”: 从“double”转换到“int”，可能丢失数据
c:\users\77068\documents\github\job\jobshop\jobshop\jobshop\pppaintcpp.cpp(352): warning C4244: “参数”: 从“double”转换到“int”，可能丢失数据
c:\users\77068\documents\github\job\jobshop\jobshop\jobshop\pppaintcpp.cpp(354): warning C4244: “参数”: 从“double”转换到“int”，可能丢失数据
c:\users\77068\documents\github\job\jobshop\jobshop\jobshop\pppaintcpp.cpp(359): warning C4244: “参数”: 从“double”转换到“int”，可能丢失数据
c:\users\77068\documents\github\job\jobshop\jobshop\jobshop\pppaintcpp.cpp(361): warning C4244: “参数”: 从“double”转换到“int”，可能丢失数据
c:\users\77068\documents\github\job\jobshop\jobshop\jobshop\pppaintcpp.cpp(368): warning C4244: “参数”: 从“double”转换到“int”，可能丢失数据
c:\users\77068\documents\github\job\jobshop\jobshop\jobshop\pppaintcpp.cpp(370): warning C4244: “参数”: 从“double”转换到“int”，可能丢失数据
c:\users\77068\documents\github\job\jobshop\jobshop\jobshop\pppaintcpp.cpp(120): warning C4101: “T”: 未引用的局部变量
  正在生成代码...
  Jobshop.vcxproj -> C:\Users\77068\Documents\GitHub\Job\Jobshop\Jobshop\Debug\Jobshop.exe
